15:32:37.212 [AWT-EventQueue-0] INFO  c.b.l.BrowserStackRunExtension - gradle
15:32:37.216 [AWT-EventQueue-0] INFO  com.browserstack.utils.Helpers - null
15:33:02.507 [AWT-EventQueue-0] INFO  c.b.l.BrowserStackRunExtension - gradle
15:33:02.507 [AWT-EventQueue-0] INFO  com.browserstack.utils.Helpers - null
15:34:30.997 [AWT-EventQueue-0] INFO  c.b.l.BrowserStackRunExtension - gradle
15:34:30.997 [AWT-EventQueue-0] INFO  com.browserstack.utils.Helpers - null
15:37:10.652 [AWT-EventQueue-0] INFO  c.b.l.BrowserStackRunExtension - gradle
15:37:10.653 [AWT-EventQueue-0] INFO  com.browserstack.utils.Helpers - null
15:38:47.892 [AWT-EventQueue-0] INFO  c.b.l.BrowserStackRunExtension - gradle
15:38:47.892 [AWT-EventQueue-0] INFO  com.browserstack.utils.Helpers - null
15:40:33.488 [AWT-EventQueue-0] INFO  c.b.l.BrowserStackRunExtension - gradle
15:40:33.490 [AWT-EventQueue-0] INFO  com.browserstack.utils.Helpers - null
15:58:37.038 [AWT-EventQueue-0] INFO  c.b.l.BrowserStackRunExtension - gradle
15:58:37.038 [AWT-EventQueue-0] INFO  com.browserstack.utils.Helpers - null
15:59:28.573 [AWT-EventQueue-0] INFO  c.b.l.BrowserStackRunExtension - gradle
15:59:28.574 [AWT-EventQueue-0] INFO  com.browserstack.utils.Helpers - null
16:02:03.452 [AWT-EventQueue-0] INFO  c.b.l.BrowserStackRunExtension - gradle
16:02:03.453 [AWT-EventQueue-0] INFO  com.browserstack.utils.Helpers - null
16:05:02.983 [AWT-EventQueue-0] INFO  c.b.l.BrowserStackRunExtension - gradle
16:05:02.984 [AWT-EventQueue-0] INFO  com.browserstack.utils.Helpers - null
16:11:55.554 [AWT-EventQueue-0] INFO  c.b.l.BrowserStackRunExtension - gradle
16:11:55.555 [AWT-EventQueue-0] INFO  com.browserstack.utils.Helpers - null
16:20:11.043 [AWT-EventQueue-0] INFO  c.b.l.BrowserStackRunExtension - gradle
16:20:11.044 [AWT-EventQueue-0] INFO  com.browserstack.utils.Helpers - null
16:30:36.867 [AWT-EventQueue-0] INFO  c.b.l.BrowserStackRunExtension - gradle
16:30:36.868 [AWT-EventQueue-0] INFO  com.browserstack.utils.Helpers - null
13:11:45.931 [AWT-EventQueue-0] INFO  c.b.l.BrowserStackRunExtension - gradle
13:11:45.934 [AWT-EventQueue-0] INFO  com.browserstack.utils.Helpers - null
13:12:42.258 [AWT-EventQueue-0] INFO  c.b.l.BrowserStackRunExtension - gradle
13:12:42.259 [AWT-EventQueue-0] INFO  com.browserstack.utils.Helpers - null
13:13:10.566 [AWT-EventQueue-0] INFO  c.b.l.BrowserStackRunExtension - gradle
13:13:10.567 [AWT-EventQueue-0] INFO  com.browserstack.utils.Helpers - null
13:21:36.271 [AWT-EventQueue-0] INFO  c.b.l.BrowserStackRunExtension - gradle
13:21:36.272 [AWT-EventQueue-0] INFO  com.browserstack.utils.Helpers - null
13:21:53.264 [AWT-EventQueue-0] INFO  c.b.l.BrowserStackRunExtension - gradle
13:21:53.264 [AWT-EventQueue-0] INFO  com.browserstack.utils.Helpers - null
13:22:21.113 [AWT-EventQueue-0] INFO  c.b.l.BrowserStackRunExtension - gradle
13:22:21.113 [AWT-EventQueue-0] INFO  com.browserstack.utils.Helpers - null
13:24:23.348 [AWT-EventQueue-0] INFO  c.b.l.BrowserStackRunExtension - gradle
13:24:23.348 [AWT-EventQueue-0] INFO  com.browserstack.utils.Helpers - null
13:24:58.177 [AWT-EventQueue-0] INFO  c.b.l.BrowserStackRunExtension - gradle
13:24:58.177 [AWT-EventQueue-0] INFO  com.browserstack.utils.Helpers - null
13:26:14.325 [AWT-EventQueue-0] INFO  c.b.l.BrowserStackRunExtension - gradle
13:26:14.325 [AWT-EventQueue-0] INFO  com.browserstack.utils.Helpers - null
13:26:41.610 [AWT-EventQueue-0] INFO  c.b.l.BrowserStackRunExtension - gradle
13:26:41.611 [AWT-EventQueue-0] INFO  com.browserstack.utils.Helpers - null
13:28:24.053 [AWT-EventQueue-0] INFO  c.b.l.BrowserStackRunExtension - gradle
13:28:24.053 [AWT-EventQueue-0] INFO  com.browserstack.utils.Helpers - null
14:09:08.767 [AWT-EventQueue-0] INFO  c.b.l.BrowserStackRunExtension - gradle
14:09:08.768 [AWT-EventQueue-0] INFO  com.browserstack.utils.Helpers - null
14:11:40.733 [AWT-EventQueue-0] INFO  c.b.l.BrowserStackRunExtension - gradle
14:11:40.738 [AWT-EventQueue-0] INFO  com.browserstack.utils.Helpers - null
14:56:17.579 [AWT-EventQueue-0] INFO  c.b.l.BrowserStackRunExtension - gradle
14:56:17.580 [AWT-EventQueue-0] INFO  com.browserstack.utils.Helpers - null
14:57:05.637 [AWT-EventQueue-0] INFO  c.b.l.BrowserStackRunExtension - gradle
14:57:05.637 [AWT-EventQueue-0] INFO  com.browserstack.utils.Helpers - null
14:58:49.073 [AWT-EventQueue-0] INFO  c.b.l.BrowserStackRunExtension - gradle
14:58:49.074 [AWT-EventQueue-0] INFO  com.browserstack.utils.Helpers - null
15:00:44.775 [AWT-EventQueue-0] INFO  c.b.l.BrowserStackRunExtension - gradle
15:00:44.775 [AWT-EventQueue-0] INFO  com.browserstack.utils.Helpers - null
15:01:21.024 [AWT-EventQueue-0] INFO  c.b.l.BrowserStackRunExtension - gradle
15:01:21.024 [AWT-EventQueue-0] INFO  com.browserstack.utils.Helpers - null
15:02:23.147 [AWT-EventQueue-0] INFO  c.b.l.BrowserStackRunExtension - gradle
15:02:23.147 [AWT-EventQueue-0] INFO  com.browserstack.utils.Helpers - null
15:03:02.696 [AWT-EventQueue-0] INFO  c.b.l.BrowserStackRunExtension - gradle
15:03:02.696 [AWT-EventQueue-0] INFO  com.browserstack.utils.Helpers - null
15:03:42.418 [AWT-EventQueue-0] INFO  c.b.l.BrowserStackRunExtension - gradle
15:03:42.418 [AWT-EventQueue-0] INFO  com.browserstack.utils.Helpers - null
15:17:38.192 [AWT-EventQueue-0] INFO  c.b.l.BrowserStackRunExtension - gradle
15:17:38.193 [AWT-EventQueue-0] INFO  com.browserstack.utils.Helpers - null
15:54:07.443 [AWT-EventQueue-0] INFO  c.b.l.BrowserStackRunExtension - gradle
15:54:07.444 [AWT-EventQueue-0] INFO  com.browserstack.utils.Helpers - null
15:57:49.417 [AWT-EventQueue-0] INFO  c.b.l.BrowserStackRunExtension - gradle
15:57:49.418 [AWT-EventQueue-0] INFO  com.browserstack.utils.Helpers - null
15:58:20.323 [AWT-EventQueue-0] INFO  c.b.l.BrowserStackRunExtension - gradle
15:58:20.323 [AWT-EventQueue-0] INFO  com.browserstack.utils.Helpers - null
16:04:06.490 [AWT-EventQueue-0] INFO  c.b.l.BrowserStackRunExtension - gradle
16:04:06.490 [AWT-EventQueue-0] INFO  com.browserstack.utils.Helpers - null
16:24:16.495 [AWT-EventQueue-0] INFO  c.b.actions.EnableBrowserStack - Setting enable browserstack run update
16:24:16.496 [AWT-EventQueue-0] INFO  com.browserstack.utils.Helpers - /Users/testvagrant/.gradle/caches/modules-2/files-2.1/com.browserstack/browserstack-java-sdk/1.11.12/13fc49754fea635b1e095ac04d501caa207ddbea/browserstack-java-sdk-1.11.12.jar
16:24:16.496 [AWT-EventQueue-0] INFO  com.browserstack.utils.Helpers - null
16:24:16.500 [AWT-EventQueue-0] INFO  c.b.actions.DisableBrowserStack - Setting disable browserstack run update
16:24:16.500 [AWT-EventQueue-0] INFO  com.browserstack.utils.Helpers - /Users/testvagrant/.gradle/caches/modules-2/files-2.1/com.browserstack/browserstack-java-sdk/1.11.12/13fc49754fea635b1e095ac04d501caa207ddbea/browserstack-java-sdk-1.11.12.jar
16:24:16.500 [AWT-EventQueue-0] INFO  com.browserstack.utils.Helpers - null
16:25:14.276 [AWT-EventQueue-0] INFO  c.b.launchers.LaunchMavenCommand - Integrate source: testng:intellij:v1.1.2
16:25:14.276 [AWT-EventQueue-0] INFO  c.b.launchers.LaunchMavenCommand - Executing maven archetype command - browserstack-sdk-archetype-integrate
16:25:14.381 [ApplicationImpl pooled thread 313] INFO  c.b.l.BrowserStackRunExtension - maven
16:25:14.381 [ApplicationImpl pooled thread 313] INFO  com.browserstack.utils.Helpers - null
16:25:25.670 [java] INFO  c.b.launchers.LaunchMavenCommand - Completed maven archetype command
16:26:52.599 [AWT-EventQueue-0] INFO  c.b.l.BrowserStackRunExtension - gradle
16:26:52.599 [AWT-EventQueue-0] INFO  com.browserstack.utils.Helpers - true
16:33:03.423 [AWT-EventQueue-0] INFO  c.b.actions.EnableBrowserStack - Setting enable browserstack run update
16:33:03.424 [AWT-EventQueue-0] INFO  com.browserstack.utils.Helpers - /Users/testvagrant/.gradle/caches/modules-2/files-2.1/com.browserstack/browserstack-java-sdk/1.11.12/13fc49754fea635b1e095ac04d501caa207ddbea/browserstack-java-sdk-1.11.12.jar
16:33:03.424 [AWT-EventQueue-0] INFO  com.browserstack.utils.Helpers - true
16:33:03.428 [AWT-EventQueue-0] INFO  c.b.actions.DisableBrowserStack - Setting disable browserstack run update
16:33:03.428 [AWT-EventQueue-0] INFO  com.browserstack.utils.Helpers - /Users/testvagrant/.gradle/caches/modules-2/files-2.1/com.browserstack/browserstack-java-sdk/1.11.12/13fc49754fea635b1e095ac04d501caa207ddbea/browserstack-java-sdk-1.11.12.jar
16:33:03.428 [AWT-EventQueue-0] INFO  com.browserstack.utils.Helpers - true
16:33:07.578 [AWT-EventQueue-0] INFO  c.b.l.BrowserStackRunExtension - gradle
16:33:07.578 [AWT-EventQueue-0] INFO  com.browserstack.utils.Helpers - true
16:44:25.446 [AWT-EventQueue-0] INFO  c.b.l.BrowserStackRunExtension - gradle
16:44:25.447 [AWT-EventQueue-0] INFO  com.browserstack.utils.Helpers - true
17:02:09.290 [AWT-EventQueue-0] INFO  c.b.l.BrowserStackRunExtension - gradle
17:02:09.291 [AWT-EventQueue-0] INFO  com.browserstack.utils.Helpers - true
17:02:27.141 [AWT-EventQueue-0] INFO  c.b.l.BrowserStackRunExtension - gradle
17:02:27.142 [AWT-EventQueue-0] INFO  com.browserstack.utils.Helpers - true
17:03:13.142 [AWT-EventQueue-0] INFO  c.b.l.BrowserStackRunExtension - gradle
17:03:13.143 [AWT-EventQueue-0] INFO  com.browserstack.utils.Helpers - true
17:42:21.431 [AWT-EventQueue-0] INFO  c.b.l.BrowserStackRunExtension - gradle
17:42:21.433 [AWT-EventQueue-0] INFO  com.browserstack.utils.Helpers - true
17:43:44.746 [AWT-EventQueue-0] INFO  c.b.l.BrowserStackRunExtension - gradle
17:43:44.746 [AWT-EventQueue-0] INFO  com.browserstack.utils.Helpers - true
17:49:44.817 [AWT-EventQueue-0] INFO  c.b.l.BrowserStackRunExtension - gradle
17:49:44.818 [AWT-EventQueue-0] INFO  com.browserstack.utils.Helpers - true
18:02:31.521 [AWT-EventQueue-0] INFO  c.b.l.BrowserStackRunExtension - gradle
18:02:31.522 [AWT-EventQueue-0] INFO  com.browserstack.utils.Helpers - true
18:03:08.636 [AWT-EventQueue-0] INFO  c.b.l.BrowserStackRunExtension - gradle
18:03:08.636 [AWT-EventQueue-0] INFO  com.browserstack.utils.Helpers - true
18:10:18.839 [AWT-EventQueue-0] INFO  c.b.l.BrowserStackRunExtension - gradle
18:10:18.839 [AWT-EventQueue-0] INFO  com.browserstack.utils.Helpers - true
18:11:37.071 [AWT-EventQueue-0] INFO  c.b.l.BrowserStackRunExtension - gradle
18:11:37.071 [AWT-EventQueue-0] INFO  com.browserstack.utils.Helpers - true
18:28:28.621 [AWT-EventQueue-0] INFO  c.b.l.BrowserStackRunExtension - gradle
18:28:28.622 [AWT-EventQueue-0] INFO  com.browserstack.utils.Helpers - true
13:11:23.105 [AWT-EventQueue-0] INFO  c.b.l.BrowserStackRunExtension - gradle
13:11:23.105 [AWT-EventQueue-0] INFO  com.browserstack.utils.Helpers - true
11:58:45.818 [AWT-EventQueue-0] INFO  c.b.l.BrowserStackRunExtension - gradle
11:58:45.819 [AWT-EventQueue-0] INFO  com.browserstack.utils.Helpers - true
11:58:51.518 [ApplicationImpl pooled thread 1028] INFO  c.b.l.BrowserStackRunExtension - testng
11:58:51.518 [ApplicationImpl pooled thread 1028] INFO  com.browserstack.utils.Helpers - true
11:58:51.519 [ApplicationImpl pooled thread 1028] INFO  com.browserstack.utils.Helpers - /Users/testvagrant/.gradle/caches/modules-2/files-2.1/com.browserstack/browserstack-java-sdk/1.12.0/b05f80d79aeaf6aa4b17f097cf7efc466d768d3a/browserstack-java-sdk-1.12.0.jar
11:58:51.519 [ApplicationImpl pooled thread 1028] INFO  c.b.l.BrowserStackRunExtension - Agent path: /Users/testvagrant/.gradle/caches/modules-2/files-2.1/com.browserstack/browserstack-java-sdk/1.12.0/b05f80d79aeaf6aa4b17f097cf7efc466d768d3a/browserstack-java-sdk-1.12.0.jar
11:58:51.520 [ApplicationImpl pooled thread 1028] INFO  c.b.l.BrowserStackRunExtension - Plugin version: v1.1.2
12:21:22.098 [AWT-EventQueue-0] INFO  c.b.l.BrowserStackRunExtension - gradle
12:21:22.099 [AWT-EventQueue-0] INFO  com.browserstack.utils.Helpers - true
12:23:09.784 [AWT-EventQueue-0] INFO  c.b.l.BrowserStackRunExtension - gradle
12:23:09.784 [AWT-EventQueue-0] INFO  com.browserstack.utils.Helpers - true
12:47:46.441 [AWT-EventQueue-0] INFO  c.b.actions.EnableBrowserStack - Setting enable browserstack run update
12:47:46.442 [AWT-EventQueue-0] INFO  com.browserstack.utils.Helpers - /Users/testvagrant/.gradle/caches/modules-2/files-2.1/com.browserstack/browserstack-java-sdk/1.12.1/d5e3c06cda1ff94a79979a7dc26c05fc5e1cf301/browserstack-java-sdk-1.12.1.jar
12:47:46.442 [AWT-EventQueue-0] INFO  com.browserstack.utils.Helpers - true
12:47:46.447 [AWT-EventQueue-0] INFO  c.b.actions.DisableBrowserStack - Setting disable browserstack run update
12:47:46.448 [AWT-EventQueue-0] INFO  com.browserstack.utils.Helpers - /Users/testvagrant/.gradle/caches/modules-2/files-2.1/com.browserstack/browserstack-java-sdk/1.12.1/d5e3c06cda1ff94a79979a7dc26c05fc5e1cf301/browserstack-java-sdk-1.12.1.jar
12:47:46.448 [AWT-EventQueue-0] INFO  com.browserstack.utils.Helpers - true
12:48:26.441 [AWT-EventQueue-0] INFO  c.b.actions.EnableBrowserStack - Setting enable browserstack run update
12:48:26.442 [AWT-EventQueue-0] INFO  com.browserstack.utils.Helpers - /Users/testvagrant/.gradle/caches/modules-2/files-2.1/com.browserstack/browserstack-java-sdk/1.12.1/d5e3c06cda1ff94a79979a7dc26c05fc5e1cf301/browserstack-java-sdk-1.12.1.jar
12:48:26.442 [AWT-EventQueue-0] INFO  com.browserstack.utils.Helpers - true
12:48:26.446 [AWT-EventQueue-0] INFO  c.b.actions.DisableBrowserStack - Setting disable browserstack run update
12:48:26.447 [AWT-EventQueue-0] INFO  com.browserstack.utils.Helpers - /Users/testvagrant/.gradle/caches/modules-2/files-2.1/com.browserstack/browserstack-java-sdk/1.12.1/d5e3c06cda1ff94a79979a7dc26c05fc5e1cf301/browserstack-java-sdk-1.12.1.jar
12:48:26.447 [AWT-EventQueue-0] INFO  com.browserstack.utils.Helpers - true
17:12:22.708 [AWT-EventQueue-0] INFO  c.b.l.BrowserStackRunExtension - gradle
17:12:22.709 [AWT-EventQueue-0] INFO  com.browserstack.utils.Helpers - true
